# JRE version: OpenJDK Runtime Environment JBR-11.0.10.8-1145.96-jcef (11.0.10+8) (build 11.0.10+8-b1145.96)
# Java VM: OpenJDK 64-Bit Server VM JBR-11.0.10.8-1145.96-jcef (11.0.10+8-b1145.96, mixed mode, tiered, compressed oops, g1 gc, windows-amd64)
Heap:
 garbage-first heap   total 260096K, used 41898K [0x0000000702000000, 0x0000000800000000)
  region size 1024K, 33 young (33792K), 10 survivors (10240K)
 Metaspace       used 45349K, capacity 46533K, committed 46848K, reserved 1091584K
  class space    used 4810K, capacity 5276K, committed 5376K, reserved 1048576K
GC Heap History (20 events):
Event: 123.234 GC heap before
{Heap before GC invocations=12 (full 0):
 garbage-first heap   total 260096K, used 162355K [0x0000000702000000, 0x0000000800000000)
  region size 1024K, 152 young (155648K), 11 survivors (11264K)
 Metaspace       used 43653K, capacity 44827K, committed 45056K, reserved 1089536K
  class space    used 4782K, capacity 5259K, committed 5376K, reserved 1048576K
}
Event: 123.251 GC heap after
{Heap after GC invocations=13 (full 0):
 garbage-first heap   total 260096K, used 18393K [0x0000000702000000, 0x0000000800000000)
  region size 1024K, 11 young (11264K), 11 survivors (11264K)
 Metaspace       used 43653K, capacity 44827K, committed 45056K, reserved 1089536K
  class space    used 4782K, capacity 5259K, committed 5376K, reserved 1048576K
}
Event: 140.702 GC heap before
{Heap before GC invocations=13 (full 0):
 garbage-first heap   total 260096K, used 162777K [0x0000000702000000, 0x0000000800000000)
  region size 1024K, 152 young (155648K), 11 survivors (11264K)
 Metaspace       used 43922K, capacity 45118K, committed 45312K, reserved 1089536K
  class space    used 4801K, capacity 5269K, committed 5376K, reserved 1048576K
}
Event: 140.715 GC heap after
{Heap after GC invocations=14 (full 0):
 garbage-first heap   total 260096K, used 18803K [0x0000000702000000, 0x0000000800000000)
  region size 1024K, 10 young (10240K), 10 survivors (10240K)
 Metaspace       used 43922K, capacity 45118K, committed 45312K, reserved 1089536K
  class space    used 4801K, capacity 5269K, committed 5376K, reserved 1048576K
}
Event: 161.372 GC heap before
{Heap before GC invocations=14 (full 0):
 garbage-first heap   total 260096K, used 164211K [0x0000000702000000, 0x0000000800000000)
  region size 1024K, 152 young (155648K), 10 survivors (10240K)
 Metaspace       used 44248K, capacity 45399K, committed 45568K, reserved 1089536K
  class space    used 4805K, capacity 5273K, committed 5376K, reserved 1048576K
}
Event: 161.380 GC heap after
{Heap after GC invocations=15 (full 0):
 garbage-first heap   total 260096K, used 18718K [0x0000000702000000, 0x0000000800000000)
  region size 1024K, 10 young (10240K), 10 survivors (10240K)
 Metaspace       used 44248K, capacity 45399K, committed 45568K, reserved 1089536K
  class space    used 4805K, capacity 5273K, committed 5376K, reserved 1048576K
}
Event: 192.721 GC heap before
{Heap before GC invocations=15 (full 0):
 garbage-first heap   total 260096K, used 164126K [0x0000000702000000, 0x0000000800000000)
  region size 1024K, 152 young (155648K), 10 survivors (10240K)
 Metaspace       used 44329K, capacity 45528K, committed 45824K, reserved 1089536K
  class space    used 4806K, capacity 5273K, committed 5376K, reserved 1048576K
}
Event: 192.731 GC heap after
{Heap after GC invocations=16 (full 0):
 garbage-first heap   total 260096K, used 18057K [0x0000000702000000, 0x0000000800000000)
  region size 1024K, 9 young (9216K), 9 survivors (9216K)
 Metaspace       used 44329K, capacity 45528K, committed 45824K, reserved 1089536K
  class space    used 4806K, capacity 5273K, committed 5376K, reserved 1048576K
}
Event: 218.921 GC heap before
{Heap before GC invocations=16 (full 0):
 garbage-first heap   total 260096K, used 163465K [0x0000000702000000, 0x0000000800000000)
  region size 1024K, 152 young (155648K), 9 survivors (9216K)
 Metaspace       used 44441K, capacity 45661K, committed 45824K, reserved 1089536K
  class space    used 4806K, capacity 5273K, committed 5376K, reserved 1048576K
}
Event: 218.930 GC heap after
{Heap after GC invocations=17 (full 0):
 garbage-first heap   total 260096K, used 18346K [0x0000000702000000, 0x0000000800000000)
  region size 1024K, 9 young (9216K), 9 survivors (9216K)
 Metaspace       used 44441K, capacity 45661K, committed 45824K, reserved 1089536K
  class space    used 4806K, capacity 5273K, committed 5376K, reserved 1048576K
}
Event: 245.036 GC heap before
{Heap before GC invocations=17 (full 0):
 garbage-first heap   total 260096K, used 164778K [0x0000000702000000, 0x0000000800000000)
  region size 1024K, 152 young (155648K), 9 survivors (9216K)
 Metaspace       used 44677K, capacity 45935K, committed 46080K, reserved 1089536K
  class space    used 4808K, capacity 5276K, committed 5376K, reserved 1048576K
}
Event: 245.045 GC heap after
{Heap after GC invocations=18 (full 0):
 garbage-first heap   total 260096K, used 18713K [0x0000000702000000, 0x0000000800000000)
  region size 1024K, 10 young (10240K), 10 survivors (10240K)
 Metaspace       used 44677K, capacity 45935K, committed 46080K, reserved 1089536K
  class space    used 4808K, capacity 5276K, committed 5376K, reserved 1048576K
}
Event: 271.134 GC heap before
{Heap before GC invocations=18 (full 0):
 garbage-first heap   total 260096K, used 164121K [0x0000000702000000, 0x0000000800000000)
  region size 1024K, 152 young (155648K), 10 survivors (10240K)
 Metaspace       used 44809K, capacity 46012K, committed 46336K, reserved 1089536K
  class space    used 4809K, capacity 5276K, committed 5376K, reserved 1048576K
}
Event: 271.142 GC heap after
{Heap after GC invocations=19 (full 0):
 garbage-first heap   total 260096K, used 18731K [0x0000000702000000, 0x0000000800000000)
  region size 1024K, 10 young (10240K), 10 survivors (10240K)
 Metaspace       used 44809K, capacity 46012K, committed 46336K, reserved 1089536K
  class space    used 4809K, capacity 5276K, committed 5376K, reserved 1048576K
}
Event: 286.951 GC heap before
{Heap before GC invocations=19 (full 0):
 garbage-first heap   total 260096K, used 163115K [0x0000000702000000, 0x0000000800000000)
  region size 1024K, 152 young (155648K), 10 survivors (10240K)
 Metaspace       used 44948K, capacity 46140K, committed 46336K, reserved 1089536K
  class space    used 4809K, capacity 5276K, committed 5376K, reserved 1048576K
}
Event: 286.960 GC heap after
{Heap after GC invocations=20 (full 0):
 garbage-first heap   total 260096K, used 19370K [0x0000000702000000, 0x0000000800000000)
  region size 1024K, 10 young (10240K), 10 survivors (10240K)
 Metaspace       used 44948K, capacity 46140K, committed 46336K, reserved 1089536K
  class space    used 4809K, capacity 5276K, committed 5376K, reserved 1048576K
}
Event: 302.722 GC heap before
{Heap before GC invocations=20 (full 0):
 garbage-first heap   total 260096K, used 164778K [0x0000000702000000, 0x0000000800000000)
  region size 1024K, 152 young (155648K), 10 survivors (10240K)
 Metaspace       used 45091K, capacity 46275K, committed 46592K, reserved 1091584K
  class space    used 4810K, capacity 5276K, committed 5376K, reserved 1048576K
}
Event: 302.733 GC heap after
{Heap after GC invocations=21 (full 0):
 garbage-first heap   total 260096K, used 19151K [0x0000000702000000, 0x0000000800000000)
  region size 1024K, 10 young (10240K), 10 survivors (10240K)
 Metaspace       used 45091K, capacity 46275K, committed 46592K, reserved 1091584K
  class space    used 4810K, capacity 5276K, committed 5376K, reserved 1048576K
}
Event: 325.685 GC heap before
{Heap before GC invocations=21 (full 0):
 garbage-first heap   total 260096K, used 164559K [0x0000000702000000, 0x0000000800000000)
  region size 1024K, 152 young (155648K), 10 survivors (10240K)
 Metaspace       used 45318K, capacity 46469K, committed 46592K, reserved 1091584K
  class space    used 4810K, capacity 5276K, committed 5376K, reserved 1048576K
}
Event: 325.709 GC heap after
{Heap after GC invocations=22 (full 0):
 garbage-first heap   total 260096K, used 19370K [0x0000000702000000, 0x0000000800000000)
  region size 1024K, 10 young (10240K), 10 survivors (10240K)
 Metaspace       used 45318K, capacity 46469K, committed 46592K, reserved 1091584K
  class space    used 4810K, capacity 5276K, committed 5376K, reserved 1048576K
}

